2025-10-06 09:51:24,680 [INFO] Activator:176 - 


2025-10-06 09:51:24,684 [INFO] Activator:177 - !SESSION log4j initialized
2025-10-06 09:51:30,079 [INFO] LogOutputStream:77 - [STDOUT_REDIRECT] 
2025-10-06 09:51:35,241 [INFO] ApplicationProperties:184 - Using Application install path: C:\ST\STM32CubeIDE_1.16.0\STM32CubeIDE\plugins\com.st.stm32cube.common.mx_6.15.0.202507011659
2025-10-06 09:51:35,263 [INFO] DbMcusXml:78 - Set database path to: C:\ST\STM32CubeIDE_1.16.0\STM32CubeIDE\plugins\com.st.stm32cube.common.mx_6.15.0.202507011659\\db\/mcu/
2025-10-06 09:51:35,263 [INFO] ApiDb:274 - Set plugin database path to: C:\ST\STM32CubeIDE_1.16.0\STM32CubeIDE\plugins\com.st.stm32cube.common.mx_6.15.0.202507011659\\db\/plugins/boardmanager/
2025-10-06 09:51:35,264 [WARN] ApiDb:259 - Overriding images path with different value:  => C:\ST\STM32CubeIDE_1.16.0\STM32CubeIDE\plugins\com.st.stm32cube.common.mx_6.15.0.202507011659\\db\/plugins/mcufinder/images/
2025-10-06 09:51:35,274 [INFO] ApiDb:250 - Set database path to: C:\Users\chara\.stmcufinder\plugins\mcufinder//mcu/
2025-10-06 09:51:35,276 [INFO] DbMcusAds:125 - Set database path to: C:\Users\chara\.stmcufinder\plugins\mcufinder//mcu/
2025-10-06 09:51:35,278 [INFO] CrossReferenceDbSqlite:203 - Set database path to: C:\Users\chara\.stmcufinder\plugins\mcufinder//mcu/cs/
2025-10-06 09:51:35,401 [INFO] RulesReader:64 - Compatibility file has been processed (317 Rules)
2025-10-06 09:51:35,513 [INFO] DbMcusXml:78 - Set database path to: C:\ST\STM32CubeIDE_1.16.0\STM32CubeIDE\plugins\com.st.stm32cube.common.mx_6.15.0.202507011659\\db\/mcu/
2025-10-06 09:51:35,513 [INFO] ApiDb:274 - Set plugin database path to: C:\ST\STM32CubeIDE_1.16.0\STM32CubeIDE\plugins\com.st.stm32cube.common.mx_6.15.0.202507011659\\db\/plugins/boardmanager/
2025-10-06 09:51:35,514 [INFO] ApiDb:261 - Set plugin images path to: C:\ST\STM32CubeIDE_1.16.0\STM32CubeIDE\plugins\com.st.stm32cube.common.mx_6.15.0.202507011659\\db\/plugins/mcufinder/images/
2025-10-06 09:51:35,514 [WARN] DbFile:41 - Overriding database path with different value: C:\Users\chara\.stmcufinder\plugins\mcufinder/ => C:\Users\chara\.stmcufinder\plugins\mcufinder
2025-10-06 09:51:35,514 [INFO] ApiDb:250 - Set database path to: C:\Users\chara\.stmcufinder\plugins\mcufinder//mcu/
2025-10-06 09:51:35,514 [WARN] DbFile:41 - Overriding database path with different value: C:\Users\chara\.stmcufinder\plugins\mcufinder/ => C:\Users\chara\.stmcufinder\plugins\mcufinder
2025-10-06 09:51:35,514 [INFO] DbMcusAds:125 - Set database path to: C:\Users\chara\.stmcufinder\plugins\mcufinder//mcu/
2025-10-06 09:51:35,514 [WARN] DbFile:41 - Overriding database path with different value: C:\Users\chara\.stmcufinder\plugins\mcufinder/ => C:\Users\chara\.stmcufinder\plugins\mcufinder
2025-10-06 09:51:35,514 [WARN] DbFile:41 - Overriding database path with different value: C:\Users\chara\.stmcufinder\plugins\mcufinder/ => C:\Users\chara\.stmcufinder\plugins\mcufinder
2025-10-06 09:51:35,515 [INFO] CrossReferenceDbSqlite:203 - Set database path to: C:\Users\chara\.stmcufinder\plugins\mcufinder//mcu/cs/
2025-10-06 09:51:35,632 [INFO] MainPanel:274 - HeapMemory: 372244480
2025-10-06 09:51:35,776 [INFO] DbMcusXml:78 - Set database path to: C:\ST\STM32CubeIDE_1.16.0\STM32CubeIDE\plugins\com.st.stm32cube.common.mx_6.15.0.202507011659\\db\/mcu/
2025-10-06 09:51:35,776 [INFO] ApiDb:274 - Set plugin database path to: C:\ST\STM32CubeIDE_1.16.0\STM32CubeIDE\plugins\com.st.stm32cube.common.mx_6.15.0.202507011659\\db\/plugins/boardmanager/
2025-10-06 09:51:35,776 [INFO] ApiDb:261 - Set plugin images path to: C:\ST\STM32CubeIDE_1.16.0\STM32CubeIDE\plugins\com.st.stm32cube.common.mx_6.15.0.202507011659\\db\/plugins/mcufinder/images/
2025-10-06 09:51:35,777 [WARN] DbFile:41 - Overriding database path with different value: C:\Users\chara\.stmcufinder\plugins\mcufinder/ => C:\Users\chara\.stmcufinder\plugins\mcufinder
2025-10-06 09:51:35,777 [INFO] ApiDb:250 - Set database path to: C:\Users\chara\.stmcufinder\plugins\mcufinder//mcu/
2025-10-06 09:51:35,777 [WARN] DbFile:41 - Overriding database path with different value: C:\Users\chara\.stmcufinder\plugins\mcufinder/ => C:\Users\chara\.stmcufinder\plugins\mcufinder
2025-10-06 09:51:35,777 [INFO] DbMcusAds:125 - Set database path to: C:\Users\chara\.stmcufinder\plugins\mcufinder//mcu/
2025-10-06 09:51:35,777 [WARN] DbFile:41 - Overriding database path with different value: C:\Users\chara\.stmcufinder\plugins\mcufinder/ => C:\Users\chara\.stmcufinder\plugins\mcufinder
2025-10-06 09:51:35,777 [WARN] DbFile:41 - Overriding database path with different value: C:\Users\chara\.stmcufinder\plugins\mcufinder/ => C:\Users\chara\.stmcufinder\plugins\mcufinder
2025-10-06 09:51:35,777 [INFO] CrossReferenceDbSqlite:203 - Set database path to: C:\Users\chara\.stmcufinder\plugins\mcufinder//mcu/cs/
2025-10-06 09:51:35,804 [INFO] ApplicationProperties:184 - Using Application install path: C:\ST\STM32CubeIDE_1.16.0\STM32CubeIDE\plugins\com.st.stm32cube.common.mx_6.15.0.202507011659
2025-10-06 09:51:35,806 [INFO] PluginManage:196 - Search for loadable plugins [exclusion list=, ]
2025-10-06 09:51:35,807 [INFO] PluginManage:310 - Check plugin analytics
2025-10-06 09:51:36,117 [INFO] AnalyticsPlugin:253 - Accepted Software Licenses: 
2025-10-06 09:51:36,118 [INFO] AnalyticsPlugin:255 - Accepted CMSIS Pack Licenses: 
2025-10-06 09:51:36,118 [INFO] AnalyticsPlugin:257 - Accepted Firmware Licenses: FW.F4.1.28.0,FW.L4.1.18.0
2025-10-06 09:51:36,119 [INFO] PluginManage:359 - Loaded plugin analytics (category:tool,tabindex:-1)
2025-10-06 09:51:36,119 [INFO] PluginManage:310 - Check plugin cadmodel
2025-10-06 09:51:36,127 [INFO] CADModel:105 - Init CAD model plugin
2025-10-06 09:51:36,127 [INFO] PluginManage:359 - Loaded plugin cadmodel (category:power,tabindex:5)
2025-10-06 09:51:36,127 [INFO] PluginManage:310 - Check plugin clock
2025-10-06 09:51:36,141 [INFO] PluginManage:359 - Loaded plugin clock (category:base,tabindex:2)
2025-10-06 09:51:36,141 [INFO] PluginManage:310 - Check plugin ddr
2025-10-06 09:51:36,144 [INFO] PluginManage:359 - Loaded plugin ddr (category:tool,tabindex:6)
2025-10-06 09:51:36,144 [INFO] PluginManage:310 - Check plugin filemanager
2025-10-06 09:51:36,331 [INFO] PluginManage:359 - Loaded plugin filemanager (category:base,tabindex:10)
2025-10-06 09:51:36,331 [INFO] PluginManage:310 - Check plugin ipmanager
2025-10-06 09:51:36,344 [INFO] PluginManage:359 - Loaded plugin ipmanager (category:base,tabindex:5)
2025-10-06 09:51:36,344 [INFO] PluginManage:310 - Check plugin lpbam
2025-10-06 09:51:36,359 [INFO] PluginManage:359 - Loaded plugin lpbam (category:base,tabindex:0)
2025-10-06 09:51:36,360 [INFO] PluginManage:310 - Check plugin memorymap
2025-10-06 09:51:36,376 [INFO] PluginManage:359 - Loaded plugin memorymap (category:base,tabindex:4)
2025-10-06 09:51:36,376 [INFO] PluginManage:310 - Check plugin pinoutandconfiguration
2025-10-06 09:51:36,387 [INFO] PluginManage:359 - Loaded plugin pinoutandconfiguration (category:base,tabindex:1)
2025-10-06 09:51:36,388 [INFO] PluginManage:310 - Check plugin pinoutconfig
2025-10-06 09:51:36,525 [WARN] SupportedApi:132 - Cannot load RTOS API schema: s4s-elt-must-match.1: The content of 'definitions' must match (annotation?, (simpleType | complexType)?, (unique | key | keyref)*)). A problem was found starting at: attribute.
2025-10-06 09:51:36,721 [INFO] PluginManage:359 - Loaded plugin pinoutconfig (category:base,tabindex:0)
2025-10-06 09:51:36,722 [INFO] PluginManage:310 - Check plugin power
2025-10-06 09:51:36,737 [INFO] PluginManage:359 - Loaded plugin power (category:power,tabindex:4)
2025-10-06 09:51:36,737 [INFO] PluginManage:310 - Check plugin projectmanager
2025-10-06 09:51:36,756 [INFO] PluginManage:359 - Loaded plugin projectmanager (category:projectmanager,tabindex:4)
2025-10-06 09:51:36,756 [INFO] PluginManage:310 - Check plugin rif
2025-10-06 09:51:36,768 [INFO] PluginManage:359 - Loaded plugin rif (category:base,tabindex:3)
2025-10-06 09:51:36,769 [INFO] PluginManage:310 - Check plugin thirdparty
2025-10-06 09:51:36,963 [INFO] PluginManage:359 - Loaded plugin thirdparty (category:base,tabindex:-1)
2025-10-06 09:51:36,963 [INFO] PluginManage:310 - Check plugin tools
2025-10-06 09:51:36,964 [WARN] IntegrityCheckThread:84 - waiting for thirdparty lock release [integrity check]
2025-10-06 09:51:36,964 [INFO] IntegrityCheckThread:86 - entering critical section [integrity check]
2025-10-06 09:51:36,966 [INFO] ThirdPartyUpdaterWithRetryManager:70 - Updater plugin not ready yet. [1/15]
2025-10-06 09:51:36,968 [INFO] PluginManage:359 - Loaded plugin tools (category:base,tabindex:7)
2025-10-06 09:51:36,969 [INFO] PluginManage:310 - Check plugin tutovideos
2025-10-06 09:51:37,354 [INFO] PluginManage:359 - Loaded plugin tutovideos (category:base,tabindex:-1)
2025-10-06 09:51:37,354 [INFO] PluginManage:310 - Check plugin updater
2025-10-06 09:51:37,384 [INFO] PluginManage:359 - Loaded plugin updater (category:base,tabindex:12)
2025-10-06 09:51:37,384 [INFO] PluginManage:310 - Check plugin userauth
2025-10-06 09:51:37,391 [INFO] UserAuth:118 - Init User Auth plugin
2025-10-06 09:51:37,393 [INFO] PluginManage:359 - Loaded plugin userauth (category:base,tabindex:14)
2025-10-06 09:51:37,394 [INFO] PluginManage:283 - PluginManage : Loaded plugins [18]
2025-10-06 09:51:37,764 [INFO] PinOutPanel:1589 - setPackage(No Configuration,No Configuration)
2025-10-06 09:51:37,905 [INFO] CADModel:165 - CPN selected for project level
2025-10-06 09:51:37,905 [INFO] CADModel:114 - Register for checkConnection events
2025-10-06 09:51:37,946 [INFO] IPUIPlugin:80 - create IPUIPlugin
2025-10-06 09:51:37,946 [INFO] PluginManager:220 - loadIPPluginJar : add adc
2025-10-06 09:51:37,951 [INFO] IPUIPlugin:80 - create IPUIPlugin
2025-10-06 09:51:37,951 [INFO] PluginManager:220 - loadIPPluginJar : add aes
2025-10-06 09:51:37,956 [INFO] IPUIPlugin:80 - create IPUIPlugin
2025-10-06 09:51:37,957 [INFO] PluginManager:220 - loadIPPluginJar : add can
2025-10-06 09:51:37,959 [INFO] IPUIPlugin:80 - create IPUIPlugin
2025-10-06 09:51:37,960 [INFO] PluginManager:220 - loadIPPluginJar : add comp
2025-10-06 09:51:37,964 [INFO] IPUIPlugin:80 - create IPUIPlugin
2025-10-06 09:51:37,964 [INFO] PluginManager:220 - loadIPPluginJar : add cryp
2025-10-06 09:51:37,970 [INFO] IPUIPlugin:80 - create IPUIPlugin
2025-10-06 09:51:37,970 [INFO] PluginManager:220 - loadIPPluginJar : add ddr_ctrl_phy
2025-10-06 09:51:37,974 [INFO] IPUIPlugin:80 - create IPUIPlugin
2025-10-06 09:51:37,974 [INFO] PluginManager:220 - loadIPPluginJar : add dfsdm
2025-10-06 09:51:37,983 [INFO] IPUIPlugin:80 - create IPUIPlugin
2025-10-06 09:51:37,984 [INFO] PluginManager:220 - loadIPPluginJar : add dma
2025-10-06 09:51:37,988 [INFO] IPUIPlugin:80 - create IPUIPlugin
2025-10-06 09:51:37,988 [INFO] PluginManager:220 - loadIPPluginJar : add dma3
2025-10-06 09:51:37,994 [INFO] IPUIPlugin:80 - create IPUIPlugin
2025-10-06 09:51:37,994 [INFO] PluginManager:220 - loadIPPluginJar : add extmemmanager
2025-10-06 09:51:37,997 [INFO] IPUIPlugin:80 - create IPUIPlugin
2025-10-06 09:51:37,997 [INFO] PluginManager:220 - loadIPPluginJar : add fatfs
2025-10-06 09:51:38,004 [INFO] IPUIPlugin:80 - create IPUIPlugin
2025-10-06 09:51:38,004 [INFO] PluginManager:220 - loadIPPluginJar : add fmc
2025-10-06 09:51:38,013 [INFO] IPUIPlugin:80 - create IPUIPlugin
2025-10-06 09:51:38,013 [INFO] PluginManager:220 - loadIPPluginJar : add freertos
2025-10-06 09:51:38,015 [INFO] IPUIPlugin:80 - create IPUIPlugin
2025-10-06 09:51:38,015 [INFO] PluginManager:220 - loadIPPluginJar : add genericplugin
2025-10-06 09:51:38,020 [INFO] IPUIPlugin:80 - create IPUIPlugin
2025-10-06 09:51:38,020 [INFO] PluginManager:220 - loadIPPluginJar : add gfxmmu
2025-10-06 09:51:38,028 [INFO] IPUIPlugin:80 - create IPUIPlugin
2025-10-06 09:51:38,028 [INFO] PluginManager:220 - loadIPPluginJar : add gic
2025-10-06 09:51:38,036 [INFO] IPUIPlugin:80 - create IPUIPlugin
2025-10-06 09:51:38,036 [INFO] PluginManager:220 - loadIPPluginJar : add gpio
2025-10-06 09:51:38,041 [INFO] IPUIPlugin:80 - create IPUIPlugin
2025-10-06 09:51:38,041 [INFO] PluginManager:220 - loadIPPluginJar : add gtzc
2025-10-06 09:51:38,047 [INFO] IPUIPlugin:80 - create IPUIPlugin
2025-10-06 09:51:38,047 [INFO] PluginManager:220 - loadIPPluginJar : add hash
2025-10-06 09:51:38,051 [INFO] IPUIPlugin:80 - create IPUIPlugin
2025-10-06 09:51:38,052 [INFO] PluginManager:220 - loadIPPluginJar : add i2c
2025-10-06 09:51:38,058 [INFO] IPUIPlugin:80 - create IPUIPlugin
2025-10-06 09:51:38,058 [INFO] PluginManager:220 - loadIPPluginJar : add i2s
2025-10-06 09:51:38,063 [INFO] IPUIPlugin:80 - create IPUIPlugin
2025-10-06 09:51:38,063 [INFO] PluginManager:220 - loadIPPluginJar : add i3c
2025-10-06 09:51:38,068 [INFO] IPUIPlugin:80 - create IPUIPlugin
2025-10-06 09:51:38,068 [INFO] PluginManager:220 - loadIPPluginJar : add ipddr
2025-10-06 09:51:38,076 [INFO] IPUIPlugin:80 - create IPUIPlugin
2025-10-06 09:51:38,077 [INFO] PluginManager:220 - loadIPPluginJar : add linkedlist
2025-10-06 09:51:38,081 [INFO] IPUIPlugin:80 - create IPUIPlugin
2025-10-06 09:51:38,081 [INFO] PluginManager:220 - loadIPPluginJar : add lorawan
2025-10-06 09:51:38,084 [INFO] IPUIPlugin:80 - create IPUIPlugin
2025-10-06 09:51:38,084 [INFO] PluginManager:220 - loadIPPluginJar : add ltdc
2025-10-06 09:51:38,092 [INFO] IPUIPlugin:80 - create IPUIPlugin
2025-10-06 09:51:38,092 [INFO] PluginManager:220 - loadIPPluginJar : add mdma
2025-10-06 09:51:38,096 [INFO] IPUIPlugin:80 - create IPUIPlugin
2025-10-06 09:51:38,096 [INFO] PluginManager:220 - loadIPPluginJar : add nvic
2025-10-06 09:51:38,101 [INFO] IPUIPlugin:80 - create IPUIPlugin
2025-10-06 09:51:38,101 [INFO] PluginManager:220 - loadIPPluginJar : add opamp
2025-10-06 09:51:38,106 [INFO] IPUIPlugin:80 - create IPUIPlugin
2025-10-06 09:51:38,106 [INFO] PluginManager:220 - loadIPPluginJar : add openamp
2025-10-06 09:51:38,111 [INFO] IPUIPlugin:80 - create IPUIPlugin
2025-10-06 09:51:38,111 [INFO] PluginManager:220 - loadIPPluginJar : add pdm2pcm
2025-10-06 09:51:38,121 [INFO] IPUIPlugin:80 - create IPUIPlugin
2025-10-06 09:51:38,125 [INFO] PluginManager:220 - loadIPPluginJar : add plateformsettings
2025-10-06 09:51:38,128 [INFO] IPUIPlugin:80 - create IPUIPlugin
2025-10-06 09:51:38,128 [INFO] PluginManager:220 - loadIPPluginJar : add quadspi
2025-10-06 09:51:38,131 [INFO] IPUIPlugin:80 - create IPUIPlugin
2025-10-06 09:51:38,132 [INFO] PluginManager:220 - loadIPPluginJar : add radio
2025-10-06 09:51:38,138 [INFO] IPUIPlugin:80 - create IPUIPlugin
2025-10-06 09:51:38,138 [INFO] PluginManager:220 - loadIPPluginJar : add resmgrutility
2025-10-06 09:51:38,141 [INFO] IPUIPlugin:80 - create IPUIPlugin
2025-10-06 09:51:38,142 [INFO] PluginManager:220 - loadIPPluginJar : add sai
2025-10-06 09:51:38,145 [INFO] IPUIPlugin:80 - create IPUIPlugin
2025-10-06 09:51:38,145 [INFO] PluginManager:220 - loadIPPluginJar : add spi
2025-10-06 09:51:38,153 [INFO] IPUIPlugin:80 - create IPUIPlugin
2025-10-06 09:51:38,153 [INFO] PluginManager:220 - loadIPPluginJar : add stm32_wpan
2025-10-06 09:51:38,156 [INFO] IPUIPlugin:80 - create IPUIPlugin
2025-10-06 09:51:38,156 [INFO] PluginManager:220 - loadIPPluginJar : add tim
2025-10-06 09:51:38,160 [INFO] IPUIPlugin:80 - create IPUIPlugin
2025-10-06 09:51:38,161 [INFO] PluginManager:220 - loadIPPluginJar : add touchsensing
2025-10-06 09:51:38,164 [INFO] IPUIPlugin:80 - create IPUIPlugin
2025-10-06 09:51:38,164 [INFO] PluginManager:220 - loadIPPluginJar : add tracer_emb
2025-10-06 09:51:38,167 [INFO] IPUIPlugin:80 - create IPUIPlugin
2025-10-06 09:51:38,168 [INFO] PluginManager:220 - loadIPPluginJar : add ts
2025-10-06 09:51:38,170 [INFO] IPUIPlugin:80 - create IPUIPlugin
2025-10-06 09:51:38,170 [INFO] PluginManager:220 - loadIPPluginJar : add tsc
2025-10-06 09:51:38,181 [INFO] IPUIPlugin:80 - create IPUIPlugin
2025-10-06 09:51:38,181 [INFO] PluginManager:220 - loadIPPluginJar : add ucpd
2025-10-06 09:51:38,185 [INFO] IPUIPlugin:80 - create IPUIPlugin
2025-10-06 09:51:38,185 [INFO] PluginManager:220 - loadIPPluginJar : add usart
2025-10-06 09:51:38,189 [INFO] IPUIPlugin:80 - create IPUIPlugin
2025-10-06 09:51:38,190 [INFO] PluginManager:220 - loadIPPluginJar : add usbx
2025-10-06 09:51:38,399 [FATAL] Updater:351 - Updater called before beeing initialized
2025-10-06 09:51:38,437 [INFO] RulesReader:64 - Compatibility file has been processed (317 Rules)
2025-10-06 09:51:38,460 [INFO] RulesReader:64 - Compatibility file has been processed (317 Rules)
2025-10-06 09:51:38,474 [INFO] CADModel:165 - CPN selected for project level
2025-10-06 09:51:38,474 [INFO] CADModel:114 - Register for checkConnection events
2025-10-06 09:51:38,474 [FATAL] Updater:351 - Updater called before beeing initialized
2025-10-06 09:51:38,475 [ERROR] CADModel:125 - Updater not yet initialized, retry later 
2025-10-06 09:51:38,703 [FATAL] Updater:351 - Updater called before beeing initialized
2025-10-06 09:51:38,710 [INFO] CADModel:165 - CPN selected for project level
2025-10-06 09:51:38,710 [INFO] CADModel:114 - Register for checkConnection events
2025-10-06 09:51:38,710 [FATAL] Updater:351 - Updater called before beeing initialized
2025-10-06 09:51:38,710 [ERROR] CADModel:125 - Updater not yet initialized, retry later 
2025-10-06 09:51:38,714 [FATAL] Updater:351 - Updater called before beeing initialized
2025-10-06 09:51:38,952 [FATAL] Updater:351 - Updater called before beeing initialized
2025-10-06 09:51:38,957 [INFO] DbMcusAds:53 - JSON generation date=Tue Jul 08 13:44:23 IST 2025 (1751962463524)
2025-10-06 09:51:38,958 [FATAL] Updater:351 - Updater called before beeing initialized
2025-10-06 09:51:39,016 [WARN] DetailPanel:346 - Failed to get advertising image, set to default
2025-10-06 09:51:39,148 [FATAL] Updater:351 - Updater called before beeing initialized
2025-10-06 09:51:39,150 [FATAL] Updater:351 - Updater called before beeing initialized
2025-10-06 09:51:39,150 [FATAL] Updater:351 - Updater called before beeing initialized
2025-10-06 09:51:39,151 [WARN] DetailPanel:346 - Failed to get advertising image, set to default
2025-10-06 09:51:39,152 [FATAL] Updater:351 - Updater called before beeing initialized
2025-10-06 09:51:39,232 [ERROR] Updater:1198 - MainUpdater not yet initialized. External WinMGr cannot be set.
2025-10-06 09:51:39,235 [INFO] Updater:1134 - Updater Version found : 6.15.0
2025-10-06 09:51:39,257 [INFO] ApplicationProperties:184 - Using Application install path: C:\ST\STM32CubeIDE_1.16.0\STM32CubeIDE\plugins\com.st.stm32cube.common.mx_6.15.0.202507011659
2025-10-06 09:51:39,967 [INFO] ThirdPartyUpdaterWithRetryManager:70 - Updater plugin not ready yet. [2/15]
2025-10-06 09:51:40,837 [ERROR] LogOutputStream:75 - [STDERR_REDIRECT] Oct 06, 2025 9:51:40 AM java.util.prefs.WindowsPreferences <init>
2025-10-06 09:51:40,839 [ERROR] LogOutputStream:75 - [STDERR_REDIRECT] WARNING: Could not open/create prefs root node Software\JavaSoft\Prefs at root 0xffffffff80000002. Windows RegCreateKeyEx(...) returned error code 5.
2025-10-06 09:51:40,839 [ERROR] LogOutputStream:75 - [STDERR_REDIRECT] 
2025-10-06 09:51:41,326 [INFO] MainUpdater:2872 - connection check result : 10
2025-10-06 09:51:41,327 [INFO] MainUpdater:3604 - Updater definition file requires update
2025-10-06 09:51:41,328 [INFO] MainUpdater:289 - Updater Check For Update Now.
2025-10-06 09:51:41,328 [INFO] MicroXplorer:498 - Change Database Version : DB.6.0.150
2025-10-06 09:51:41,335 [INFO] McuFinderGlobals:63 - Set McuFinder mode to 2 (CubeIDE integrated)
2025-10-06 09:51:41,336 [INFO] UserAuth:487 - Internet connection configuration mode: 1
2025-10-06 09:51:41,356 [INFO] JxBrowserEngine:152 - Initiate JxBrowser Engine with user profile folder
2025-10-06 09:51:41,416 [INFO] ServerAccessManage:452 - Complete download http(s) 200
2025-10-06 09:51:41,418 [INFO] ServerAccessManage:509 - Download File updaters.zip
2025-10-06 09:51:41,510 [INFO] FileExtend:248 - Unzip File : updaters.zip
2025-10-06 09:51:41,511 [INFO] FileExtend:263 - Standard Zip Deflate
2025-10-06 09:51:42,043 [INFO] ServerAccessManage:452 - Complete download http(s) 200
2025-10-06 09:51:42,043 [INFO] ServerAccessManage:509 - Download File PacksControlFlags.xml
2025-10-06 09:51:42,096 [INFO] ServerAccessManage:452 - Complete download http(s) 200
2025-10-06 09:51:42,096 [INFO] ServerAccessManage:509 - Download File cubemx.pidx
2025-10-06 09:51:42,969 [WARN] MainUpdater:1193 - Updater busy. Cannot search thirdparties
2025-10-06 09:51:42,969 [INFO] ThirdPartyUpdaterWithRetryManager:96 - Updater plugin is busy. [1/15]
2025-10-06 09:51:43,410 [INFO] ServerAccessManage:452 - Complete download http(s) 200
2025-10-06 09:51:43,419 [INFO] ServerAccessManage:509 - Download File STMicroelectronics.X-CUBE-TOUCHGFX.pdsc
2025-10-06 09:51:44,101 [INFO] WebApp:169 - Instantiating new browser for Auth
2025-10-06 09:51:45,567 [INFO] WebApp:463 - Apply proxy settings
2025-10-06 09:51:45,568 [INFO] WebApp:548 - Chromium requires no authentication
2025-10-06 09:51:45,617 [INFO] WebApp:491 - Direct internet connection detected
2025-10-06 09:51:45,696 [INFO] WebApp:900 - Register for checkConnection events
2025-10-06 09:51:45,696 [INFO] WebApp:463 - Apply proxy settings
2025-10-06 09:51:45,697 [INFO] WebApp:548 - Chromium requires no authentication
2025-10-06 09:51:45,701 [INFO] WebApp:491 - Direct internet connection detected
2025-10-06 09:51:45,853 [WARN] PackLoader:240 - Cannot read IP mode file for STMicroelectronics.X-CUBE-TOUCHGFX.4.26.0
2025-10-06 09:51:45,854 [INFO] PopulateThirdPartyThread:66 - Ending populate Thread
2025-10-06 09:51:45,859 [INFO] ThirdParty:1030 - CMSIS Pack Vendor :STMicroelectronics X-CUBE-TOUCHGFX 4.26.0
2025-10-06 09:51:45,859 [INFO] LoadServerUpdatesThread:375 - End of LoadServerUpdate Thread
2025-10-06 09:51:45,970 [INFO] CheckServerUpdateThread:120 - End of CheckServer Thread
2025-10-06 09:51:46,049 [INFO] WebApp:191 - Connection restablished
2025-10-06 09:51:46,135 [INFO] WebApp:225 - Starting web application
2025-10-06 09:51:46,135 [INFO] WebApp:593 - Web application path used C:\ST\STM32CubeIDE_1.16.0\STM32CubeIDE\plugins\com.st.stm32cube.common.mx_6.15.0.202507011659\db\plugins\mcufinder\reactClient1\index.html
2025-10-06 09:51:46,293 [WARN] PackLoader:240 - Cannot read IP mode file for STMicroelectronics.FP-SNS-MOTENVWB1.1.4.0
2025-10-06 09:51:46,305 [WARN] PackLoader:240 - Cannot read IP mode file for STMicroelectronics.X-CUBE-SMBUS.2.1.0
2025-10-06 09:51:46,314 [WARN] PackLoader:240 - Cannot read IP mode file for STMicroelectronics.X-CUBE-ST60.1.0.0
2025-10-06 09:51:46,373 [WARN] PackLoader:240 - Cannot read IP mode file for STMicroelectronics.X-CUBE-AZRTOS-F7.1.1.0
2025-10-06 09:51:46,386 [WARN] PackLoader:240 - Cannot read IP mode file for STMicroelectronics.FP-SNS-FLIGHT1.5.0.2
2025-10-06 09:51:46,417 [WARN] PackLoader:240 - Cannot read IP mode file for STMicroelectronics.X-CUBE-AZRTOS-H7.3.4.0
2025-10-06 09:51:46,430 [WARN] PackLoader:240 - Cannot read IP mode file for STMicroelectronics.X-CUBE-DISPLAY.3.0.0
2025-10-06 09:51:46,447 [WARN] PackLoader:240 - Cannot read IP mode file for STMicroelectronics.X-CUBE-BLE1.7.0.0
2025-10-06 09:51:46,461 [WARN] PackLoader:240 - Cannot read IP mode file for STMicroelectronics.X-CUBE-BLEMGR.4.0.0
2025-10-06 09:51:46,471 [WARN] ConditionMgr:438 - getConditionDescription Invalid condition id : Cortex-A Device cause : null
2025-10-06 09:51:46,499 [WARN] ConditionMgr:1044 - genDependencies : Invalid condition id : Cortex-A Device cause : null
2025-10-06 09:51:46,499 [WARN] ConditionMgr:1044 - genDependencies : Invalid condition id : Cortex-A Device cause : null
2025-10-06 09:51:46,499 [WARN] ConditionMgr:1044 - genDependencies : Invalid condition id : Cortex-A Device cause : null
2025-10-06 09:51:46,510 [WARN] PackLoader:240 - Cannot read IP mode file for STMicroelectronics.X-CUBE-BLEMGR.3.1.0
2025-10-06 09:51:46,519 [WARN] PackLoader:240 - Cannot read IP mode file for STMicroelectronics.X-CUBE-AI.10.0.0
2025-10-06 09:51:46,526 [WARN] PackLoader:240 - Cannot read IP mode file for STMicroelectronics.FP-SNS-SMARTAG2.1.2.0
2025-10-06 09:51:46,532 [WARN] PackLoader:240 - Cannot read IP mode file for STMicroelectronics.FP-SNS-FLIGHT1.5.1.0
2025-10-06 09:51:46,603 [WARN] PackLoader:240 - Cannot read IP mode file for STMicroelectronics.X-CUBE-MEMS1.11.1.0
2025-10-06 09:51:46,840 [INFO] LogOutputStream:77 - [STDOUT_REDIRECT] 1 : Invalid condition id : UX_CORESTACK_Condition cause : null
2025-10-06 09:51:46,840 [INFO] LogOutputStream:77 - [STDOUT_REDIRECT] 1 : Invalid condition id : UX_CORESTACK_Condition cause : null
2025-10-06 09:51:46,841 [INFO] LogOutputStream:77 - [STDOUT_REDIRECT] 1 : Invalid condition id : UX_CORESTACK_Condition cause : null
2025-10-06 09:51:46,844 [INFO] LogOutputStream:77 - [STDOUT_REDIRECT] 1 : Invalid condition id : UX_CORESTACK_Condition cause : null
2025-10-06 09:51:46,846 [INFO] LogOutputStream:77 - [STDOUT_REDIRECT] 1 : Invalid condition id : UX_CORESTACK_Condition cause : null
2025-10-06 09:51:46,849 [WARN] PackLoader:240 - Cannot read IP mode file for STMicroelectronics.X-CUBE-AZRTOS-WL.2.0.0
2025-10-06 09:51:46,854 [WARN] PackLoader:240 - Cannot read IP mode file for STMicroelectronics.FP-SNS-MOTENV1.5.0.0
2025-10-06 09:51:46,863 [WARN] PackLoader:240 - Cannot read IP mode file for WES.I-CUBE-Cesium.1.3.0
2025-10-06 09:51:46,869 [WARN] PackLoader:240 - Cannot read IP mode file for STMicroelectronics.X-CUBE-BLE2.3.3.0
2025-10-06 09:51:46,874 [WARN] PackLoader:240 - Cannot read IP mode file for STMicroelectronics.X-CUBE-BLE1.7.1.0
2025-10-06 09:51:46,881 [WARN] PackLoader:240 - Cannot read IP mode file for STMicroelectronics.X-CUBE-EEPRMA1.5.2.0
2025-10-06 09:51:46,886 [WARN] PackLoader:240 - Cannot read IP mode file for STMicroelectronics.X-CUBE-AI.10.1.0
2025-10-06 09:51:46,938 [WARN] PackLoader:240 - Cannot read IP mode file for STMicroelectronics.X-CUBE-MEMS1.11.2.0
2025-10-06 09:51:46,971 [INFO] UserAuth:487 - Internet connection configuration mode: 1
2025-10-06 09:51:47,174 [WARN] PackLoader:240 - Cannot read IP mode file for STMicroelectronics.X-CUBE-AZRTOS-G0.1.1.0
2025-10-06 09:51:47,201 [WARN] PackLoader:240 - Cannot read IP mode file for STMicroelectronics.X-CUBE-SAFEA1.1.2.2
2025-10-06 09:51:47,282 [WARN] PackLoader:240 - Cannot read IP mode file for STMicroelectronics.X-CUBE-NFC4.3.0.0
2025-10-06 09:51:47,306 [WARN] PackLoader:240 - Cannot read IP mode file for EmbeddedOffice.I-CUBE-FS-RTOS.1.0.1
2025-10-06 09:51:47,323 [WARN] PackLoader:240 - Cannot read IP mode file for STMicroelectronics.X-CUBE-WB05N.2.0.0
2025-10-06 09:51:47,334 [WARN] PackLoader:240 - Cannot read IP mode file for STMicroelectronics.FP-ATR-SIGFOX1.3.2.0
2025-10-06 09:51:47,342 [WARN] PackLoader:240 - Cannot read IP mode file for STMicroelectronics.X-CUBE-EEPRMA1.5.1.0
2025-10-06 09:51:47,350 [WARN] PackLoader:240 - Cannot read IP mode file for STMicroelectronics.X-CUBE-ST67W61.1.0.0
2025-10-06 09:51:47,356 [WARN] PackLoader:240 - Cannot read IP mode file for STMicroelectronics.X-CUBE-AI.10.2.0
2025-10-06 09:51:47,384 [WARN] PackLoader:240 - Cannot read IP mode file for SEGGER.I-CUBE-embOS.1.3.1
2025-10-06 09:51:47,429 [WARN] PackLoader:240 - Cannot read IP mode file for STMicroelectronics.X-CUBE-ALGOBUILD.1.4.0
2025-10-06 09:51:47,495 [WARN] PackLoader:240 - Cannot read IP mode file for STMicroelectronics.X-CUBE-MEMS1.11.3.0
2025-10-06 09:51:47,649 [WARN] PackLoader:240 - Cannot read IP mode file for STMicroelectronics.X-CUBE-AI.9.1.0
2025-10-06 09:51:47,655 [WARN] PackLoader:240 - Cannot read IP mode file for STMicroelectronics.X-CUBE-PM33A1.1.0.0
2025-10-06 09:51:47,674 [WARN] PackLoader:240 - Cannot read IP mode file for STMicroelectronics.X-CUBE-AZRTOS-F4.1.1.0
2025-10-06 09:51:47,681 [WARN] PackLoader:240 - Cannot read IP mode file for Avnet-IotConnect.X-CUBE-IoTC-DA16k-PMOD.1.0.0
2025-10-06 09:51:47,688 [WARN] PackLoader:240 - Cannot read IP mode file for STMicroelectronics.X-CUBE-FREERTOS.1.2.0
2025-10-06 09:51:47,696 [WARN] PackLoader:240 - Cannot read IP mode file for STMicroelectronics.X-CUBE-NFC12.1.0.0
2025-10-06 09:51:47,715 [WARN] PackLoader:240 - Cannot read IP mode file for STMicroelectronics.X-CUBE-AZRTOS-L5.2.0.0
2025-10-06 09:51:47,727 [WARN] PackLoader:240 - Cannot read IP mode file for STMicroelectronics.X-CUBE-NFC6.3.1.0
2025-10-06 09:51:47,736 [WARN] PackLoader:240 - Cannot read IP mode file for STMicroelectronics.X-CUBE-DPower.1.2.0
2025-10-06 09:51:47,743 [WARN] PackLoader:240 - Cannot read IP mode file for STMicroelectronics.X-CUBE-FREERTOS.1.3.1
2025-10-06 09:51:47,749 [WARN] PackLoader:240 - Cannot read IP mode file for STMicroelectronics.X-CUBE-FREERTOS.1.3.0
2025-10-06 09:51:47,756 [WARN] PackLoader:240 - Cannot read IP mode file for STMicroelectronics.X-CUBE-NFC7.1.0.1
2025-10-06 09:51:47,760 [WARN] PackLoader:240 - Cannot read IP mode file for STMicroelectronics.X-CUBE-TOUCHGFX.4.26.0
2025-10-06 09:51:47,766 [WARN] PackLoader:240 - Cannot read IP mode file for STMicroelectronics.FP-SNS-STAIOTCFT.1.0.0
2025-10-06 09:51:47,771 [WARN] PackLoader:240 - Cannot read IP mode file for STMicroelectronics.X-CUBE-DPower.1.3.0
2025-10-06 09:51:47,790 [WARN] ConditionMgr:438 - getConditionDescription Invalid condition id : LAN8742 Phy interface Condition cause : null
2025-10-06 09:51:47,791 [WARN] PackLoader:240 - Cannot read IP mode file for STMicroelectronics.X-CUBE-AZRTOS-L4.2.0.0
2025-10-06 09:51:47,792 [WARN] ConditionMgr:1044 - genDependencies : Invalid condition id : LAN8742 Phy interface Condition cause : null
2025-10-06 09:51:47,793 [WARN] ConditionMgr:1044 - genDependencies : Invalid condition id : LAN8742 Phy interface Condition cause : null
2025-10-06 09:51:47,793 [WARN] ConditionMgr:1044 - genDependencies : Invalid condition id : LAN8742 Phy interface Condition cause : null
2025-10-06 09:51:47,803 [WARN] PackLoader:240 - Cannot read IP mode file for STMicroelectronics.X-CUBE-SFXS2LP1.4.0.0
2025-10-06 09:51:47,823 [WARN] PackLoader:240 - Cannot read IP mode file for STMicroelectronics.X-CUBE-AZRTOS-H7.3.3.0
2025-10-06 09:51:47,836 [WARN] PackLoader:240 - Cannot read IP mode file for STMicroelectronics.X-CUBE-BLEMGR.4.1.0
2025-10-06 09:51:47,855 [WARN] ConditionMgr:438 - getConditionDescription Invalid condition id : UX DEVICE CLASS RTOS Condition cause : null
2025-10-06 09:51:47,855 [WARN] ConditionMgr:438 - getConditionDescription Invalid condition id : UX DEVICE CLASS RTOS Condition cause : null
2025-10-06 09:51:47,858 [WARN] PackLoader:240 - Cannot read IP mode file for STMicroelectronics.X-CUBE-AZRTOS-WB.2.0.0
2025-10-06 09:51:47,859 [WARN] ConditionMgr:1044 - genDependencies : Invalid condition id : UX DEVICE CLASS RTOS Condition cause : null
2025-10-06 09:51:47,859 [WARN] ConditionMgr:1044 - genDependencies : Invalid condition id : UX DEVICE CLASS RTOS Condition cause : null
2025-10-06 09:51:47,859 [WARN] ConditionMgr:1044 - genDependencies : Invalid condition id : UX DEVICE CLASS RTOS Condition cause : null
2025-10-06 09:51:47,860 [WARN] ConditionMgr:1044 - genDependencies : Invalid condition id : UX DEVICE CLASS RTOS Condition cause : null
2025-10-06 09:51:47,860 [WARN] ConditionMgr:1044 - genDependencies : Invalid condition id : UX DEVICE CLASS RTOS Condition cause : null
2025-10-06 09:51:47,864 [WARN] PackLoader:240 - Cannot read IP mode file for STMicroelectronics.X-CUBE-TOUCHGFX.4.25.0
2025-10-06 09:51:47,890 [WARN] PackLoader:240 - Cannot read IP mode file for STMicroelectronics.X-CUBE-SUBG2.5.0.0
2025-10-06 09:51:47,914 [WARN] PackLoader:240 - Cannot read IP mode file for STMicroelectronics.X-CUBE-AZRTOS-H7RS.1.1.0
2025-10-06 09:51:47,922 [WARN] PackLoader:240 - Cannot read IP mode file for Cesanta.I-CUBE-Mongoose.7.13.0
2025-10-06 09:51:47,936 [WARN] PackLoader:240 - Cannot read IP mode file for STMicroelectronics.X-CUBE-AZRTOS-G4.2.0.0
2025-10-06 09:51:47,943 [WARN] PackLoader:240 - Cannot read IP mode file for STMicroelectronics.X-CUBE-NFC7.2.0.0
2025-10-06 09:51:47,949 [WARN] PackLoader:240 - Cannot read IP mode file for STMicroelectronics.X-CUBE-ALS.1.0.2
2025-10-06 09:51:47,953 [WARN] PackLoader:240 - Cannot read IP mode file for STMicroelectronics.X-CUBE-TOUCHGFX.4.24.2
2025-10-06 09:51:47,960 [WARN] PackLoader:240 - Cannot read IP mode file for STMicroelectronics.X-CUBE-STSE01.1.0.0
2025-10-06 09:51:47,969 [WARN] PackLoader:240 - Cannot read IP mode file for portGmbH.I-Cube-SoM-uGOAL.1.1.0
2025-10-06 09:51:47,987 [WARN] PackLoader:240 - Cannot read IP mode file for STMicroelectronics.X-CUBE-AZRTOS-H7RS.1.0.0
2025-10-06 09:51:47,998 [WARN] PackLoader:240 - Cannot read IP mode file for STMicroelectronics.X-CUBE-TOF1.3.4.2
2025-10-06 09:51:48,021 [WARN] PackLoader:240 - Cannot read IP mode file for STMicroelectronics.X-CUBE-TOF1.3.4.3
2025-10-06 09:51:48,033 [INFO] ThirdParty:978 - Integrity check success = true
2025-10-06 09:51:48,033 [INFO] IntegrityCheckThread:100 - exiting critical section [integrity check]
2025-10-06 09:51:48,033 [INFO] IntegrityCheckThread:103 - End integrity checks thread
